{"code":"ER_ACCESS_DENIED_ERROR","errno":1045,"fatal":true,"level":"error","sqlMessage":"Access denied for user 'root'@'localhost' (using password: YES)","sqlState":"28000","timestamp":"2022-05-27T07:15:20.555Z"}
{"level":"error","message":"{\"code\":\"ER_ACCESS_DENIED_ERROR\",\"errno\":1045,\"sqlMessage\":\"Access denied for user 'root'@'localhost' (using password: YES)\",\"sqlState\":\"28000\",\"fatal\":true}","timestamp":"2022-05-27T07:16:59.899Z"}
{"level":"error","message":"{\"code\":\"ER_ACCESS_DENIED_ERROR\",\"errno\":1045,\"sqlMessage\":\"Access denied for user 'root'@'localhost' (using password: YES)\",\"sqlState\":\"28000\",\"fatal\":true}","timestamp":"2022-05-27T07:17:20.056Z"}
{"level":"error","message":"{\"code\":\"ER_ACCESS_DENIED_ERROR\",\"errno\":1045,\"sqlMessage\":\"Access denied for user 'root'@'localhost' (using password: YES)\",\"sqlState\":\"28000\",\"fatal\":true}","timestamp":"2022-05-27T07:18:26.781Z"}
{"level":"error","message":"{\"code\":\"ER_ACCESS_DENIED_ERROR\",\"errno\":1045,\"sqlMessage\":\"Access denied for user 'root'@'localhost' (using password: YES)\",\"sqlState\":\"28000\",\"fatal\":true}","timestamp":"2022-05-27T07:18:37.582Z"}
{"level":"error","message":"{\"code\":\"ER_ACCESS_DENIED_ERROR\",\"errno\":1045,\"sqlMessage\":\"Access denied for user 'root'@'localhost' (using password: YES)\",\"sqlState\":\"28000\",\"fatal\":true}","timestamp":"2022-05-27T07:20:01.040Z"}
{"level":"error","message":"{\"code\":\"ER_ACCESS_DENIED_ERROR\",\"errno\":1045,\"sqlMessage\":\"Access denied for user 'root'@'localhost' (using password: YES)\",\"sqlState\":\"28000\",\"fatal\":true}","timestamp":"2022-05-27T07:20:06.477Z"}
{"level":"error","message":"{\"code\":\"ER_ACCESS_DENIED_ERROR\",\"errno\":1045,\"sqlMessage\":\"Access denied for user 'root'@'localhost' (using password: YES)\",\"sqlState\":\"28000\",\"fatal\":true}","timestamp":"2022-05-27T07:20:18.647Z"}
{"level":"error","message":"{\"code\":\"ER_ACCESS_DENIED_ERROR\",\"errno\":1045,\"sqlMessage\":\"Access denied for user 'root'@'localhost' (using password: YES)\",\"sqlState\":\"28000\",\"fatal\":true}","timestamp":"2022-05-27T07:20:33.807Z"}
{"level":"error","message":"{\"code\":\"ER_ACCESS_DENIED_ERROR\",\"errno\":1045,\"sqlMessage\":\"Access denied for user 'root'@'localhost' (using password: YES)\",\"sqlState\":\"28000\",\"fatal\":true}","timestamp":"2022-05-27T07:20:44.461Z"}
{"level":"error","message":"\"ER_ACCESS_DENIED_ERROR: Access denied for user 'root'@'localhost' (using password: YES)\"","timestamp":"2022-05-27T07:24:44.402Z"}
{"level":"error","message":"\"ER_ACCESS_DENIED_ERROR: Access denied for user 'root'@'localhost' (using password: YES)\"","timestamp":"2022-05-27T07:24:56.309Z"}
{"level":"error","message":"\"read ECONNRESET\"","timestamp":"2022-05-31T08:20:47.335Z"}
{"level":"error","message":"\"read ECONNRESET\"","timestamp":"2022-05-31T08:20:52.126Z"}
{"level":"error","message":"\"connect ETIMEDOUT 103.14.161.144:8086\"","timestamp":"2022-05-31T08:22:36.611Z"}
{"level":"error","message":"\"connect ETIMEDOUT 103.14.161.144:8086\"","timestamp":"2022-05-31T08:22:57.677Z"}
{"level":"error","message":"\"ER_WRONG_VALUE: Incorrect DATETIME value: '2022-05-3100:00:00'\"","timestamp":"2022-05-31T11:29:46.642Z"}
{"level":"error","message":"ER_ACCESS_DENIED_ERROR: Access denied for user 'root'@'localhost' (using password: YES)","timestamp":"2022-05-31T11:34:05.154Z"}
{"level":"error","message":"ER_ACCESS_DENIED_ERROR: Access denied for user 'root'@'localhost' (using password: YES)","timestamp":"2022-05-31T11:35:47.690Z"}
{"level":"error","message":"\"\" is not a function","timestamp":"2022-05-31T11:40:39.919Z"}
{"level":"error","timestamp":"2022-05-31T11:45:12.055Z"}
{"level":"error","timestamp":"2022-05-31T11:53:45.830Z"}
{"level":"error","timestamp":"2022-05-31T11:53:55.823Z"}
{"level":"error","timestamp":"2022-05-31T11:56:56.291Z"}
{"level":"error","timestamp":"2022-05-31T12:13:07.395Z"}
