{"level":"info","message":{"hi":"Connected to DB"}}
{"level":"info","message":{"hi":"Connected to DB"},"timestamp":"2022-05-26T10:01:04.782Z"}
{"level":"info","message":"Connected to DB","timestamp":"2022-05-26T10:01:30.419Z"}
{"level":"info","message":"Connected to DB","timestamp":"2022-05-26T10:01:46.185Z"}
{"level":"info","message":"Connected to DB","timestamp":"2022-05-26T10:02:44.165Z"}
{"level":"info","message":"Connected to DB","timestamp":"2022-05-26T10:02:46.554Z"}
{"level":"info","message":"Connected to DB","timestamp":"2022-05-26T10:03:30.442Z"}
{"level":"info","message":"Connected to DB","timestamp":"2022-05-26T10:03:52.417Z"}
{"level":"info","message":"Connected to DB","timestamp":"2022-05-26T10:03:58.521Z"}
{"level":"info","message":"Connected to DB","timestamp":"2022-05-26T10:04:10.982Z"}
{"level":"info","message":"Connected to DB","timestamp":"2022-05-26T10:04:22.234Z"}
{"level":"info","message":"Connected to DB","timestamp":"2022-05-26T10:09:20.186Z"}
{"level":"info","message":"Connected to DB","timestamp":"2022-05-26T10:09:34.335Z"}
{"level":"info","message":"Connected to DB","timestamp":"2022-05-26T10:10:43.072Z"}
{"level":"info","message":"Connected to DB","timestamp":"2022-05-26T10:11:17.750Z"}
{"level":"info","message":"Connected to DB","timestamp":"2022-05-26T10:11:25.871Z"}
{"level":"info","message":"Connected to DB","timestamp":"2022-05-26T10:11:37.887Z"}
{"level":"info","message":"Connected to DB","timestamp":"2022-05-26T10:16:20.541Z"}
{"level":"info","message":"Connected to DB","timestamp":"2022-05-26T10:22:52.811Z"}
{"level":"info","message":"Connected to DB","timestamp":"2022-05-26T10:23:16.451Z"}
{"level":"info","message":"Connected to DB","timestamp":"2022-05-26T10:23:24.620Z"}
{"level":"info","message":"Connected to DB","timestamp":"2022-05-26T10:23:31.945Z"}
{"level":"info","message":"Connected to DB","timestamp":"2022-05-26T10:24:09.616Z"}
{"level":"info","message":"Connected to DB","timestamp":"2022-05-26T10:24:13.206Z"}
{"level":"info","message":"Connected to DB","timestamp":"2022-05-26T10:31:38.339Z"}
{"level":"info","message":"Connected to DB","timestamp":"2022-05-26T10:35:11.857Z"}
{"level":"info","message":"Connected to DB","timestamp":"2022-05-26T10:36:04.244Z"}
{"level":"info","message":"Connected to DB","timestamp":"2022-05-26T10:36:30.615Z"}
{"level":"info","message":"Connected to DB","timestamp":"2022-05-26T10:37:14.979Z"}
{"level":"info","message":"Connected to DB","timestamp":"2022-05-26T10:38:43.631Z"}
{"level":"info","message":"Connected to DB","timestamp":"2022-05-26T10:40:11.829Z"}
{"level":"info","message":"Connected to DB","timestamp":"2022-05-26T10:40:53.274Z"}
{"level":"info","message":"Connected to DB","timestamp":"2022-05-26T10:43:12.191Z"}
{"level":"info","message":"Connected to DB","timestamp":"2022-05-26T10:43:24.502Z"}
{"level":"info","message":"Connected to DB","timestamp":"2022-05-26T10:43:29.393Z"}
{"level":"info","message":"Connected to DB","timestamp":"2022-05-26T10:43:33.496Z"}
{"level":"info","message":"Connected to DB","timestamp":"2022-05-26T10:43:45.348Z"}
{"level":"info","message":"Connected to DB","timestamp":"2022-05-26T10:44:19.461Z"}
{"level":"info","message":"Connected to DB","timestamp":"2022-05-26T10:45:35.223Z"}
{"level":"info","message":"Connected to DB","timestamp":"2022-05-26T10:45:40.312Z"}
{"level":"info","message":"Fetched bank Data","timestamp":"2022-05-26T10:47:45.787Z"}
{"level":"info","message":{"msg":"Attempt to login. Valid Credentials","requestBy":"sid"},"timestamp":"2022-05-26T10:47:48.243Z"}
{"level":"info","message":{"msg":"Attempt to login(2FA Code). Valid Code Entered. User Logged In"},"timestamp":"2022-05-26T10:48:05.631Z"}
{"level":"info","message":"Fetched bank Data","timestamp":"2022-05-26T10:48:06.474Z"}
{"level":"info","message":"Connected to DB","timestamp":"2022-05-27T05:26:04.536Z"}
{"level":"info","message":"Connected to DB","timestamp":"2022-05-27T05:30:12.239Z"}
{"level":"info","message":"Connected to DB","timestamp":"2022-05-27T05:30:21.125Z"}
{"level":"info","message":"Connected to DB","timestamp":"2022-05-27T05:31:17.833Z"}
{"level":"info","message":"Connected to DB","timestamp":"2022-05-27T05:32:52.469Z"}
{"level":"info","message":"Connected to DB","timestamp":"2022-05-27T05:33:18.234Z"}
{"level":"info","message":"Connected to DB","timestamp":"2022-05-27T05:34:13.473Z"}
{"level":"info","message":"Connected to DB","timestamp":"2022-05-27T05:34:20.113Z"}
{"level":"info","message":"Connected to DB","timestamp":"2022-05-27T05:35:10.832Z"}
{"level":"info","message":"Connected to DB","timestamp":"2022-05-27T05:35:59.310Z"}
{"level":"info","message":{"msg":"Attempt to login. Valid Credentials","requestBy":"sid"},"timestamp":"2022-05-27T05:42:09.576Z"}
{"level":"info","message":{"msg":"Attempt to login(2FA Code). Valid Code Entered. User Logged In"},"timestamp":"2022-05-27T05:43:03.987Z"}
{"level":"info","message":"Fetched bank Data","timestamp":"2022-05-27T05:43:06.834Z"}
{"level":"info","message":"Fetched bank Data","timestamp":"2022-05-27T05:43:25.486Z"}
{"level":"info","message":{"msg":"New User has registered for two factor authentication","username":"sid"},"timestamp":"2022-05-27T05:43:53.252Z"}
{"level":"info","message":"Connected to DB","timestamp":"2022-05-27T05:48:44.675Z"}
{"level":"info","message":"Connected to DB","timestamp":"2022-05-27T05:48:51.775Z"}
{"level":"info","message":"Connected to DB","timestamp":"2022-05-27T05:49:13.414Z"}
{"level":"info","message":"Connected to DB","timestamp":"2022-05-27T05:49:21.691Z"}
{"level":"info","message":"Connected to DB","timestamp":"2022-05-27T05:49:32.097Z"}
{"level":"info","message":"Connected to DB","timestamp":"2022-05-27T05:49:36.206Z"}
{"level":"info","message":"Connected to DB","timestamp":"2022-05-27T05:49:40.232Z"}
{"level":"info","message":"Connected to DB","timestamp":"2022-05-27T05:49:47.228Z"}
{"level":"info","message":"Connected to DB","timestamp":"2022-05-27T05:51:13.915Z"}
{"level":"info","message":"Connected to DB","timestamp":"2022-05-27T05:51:50.403Z"}
{"level":"info","message":"Connected to DB","timestamp":"2022-05-27T05:51:54.933Z"}
{"level":"info","message":"Connected to DB","timestamp":"2022-05-27T05:52:07.607Z"}
{"level":"info","message":"Connected to DB","timestamp":"2022-05-27T05:52:14.876Z"}
{"level":"info","message":"Connected to DB","timestamp":"2022-05-27T05:52:33.546Z"}
{"level":"info","message":"Connected to DB","timestamp":"2022-05-27T05:52:42.957Z"}
{"level":"info","message":"Connected to DB","timestamp":"2022-05-27T05:53:07.842Z"}
{"level":"info","message":"Connected to DB","timestamp":"2022-05-27T05:53:14.150Z"}
{"level":"info","message":"Connected to DB","timestamp":"2022-05-27T05:53:18.692Z"}
{"level":"info","message":"{\"msg\":\"Attempt to login. Valid Credentials\",\"requestBy\":\"sid\"}","timestamp":"2022-05-27T05:53:30.327Z"}
{"level":"info","message":"{\"msg\":\"Attempt to login(2FA Code). Valid Code Entered. User Logged In\"}","timestamp":"2022-05-27T05:53:38.218Z"}
{"level":"info","message":"Fetched bank Data","timestamp":"2022-05-27T05:54:25.688Z"}
{"level":"info","message":"Connected to DB","timestamp":"2022-05-27T05:54:40.679Z"}
{"level":"info","message":"Connected to DB","timestamp":"2022-05-27T05:57:45.430Z"}
{"level":"info","message":"Fetched bank Data","timestamp":"2022-05-27T06:03:28.345Z"}
{"level":"info","message":"{\"msg\":\"Attempt to login. Valid Credentials\",\"requestBy\":\"sid\"}","timestamp":"2022-05-27T06:47:57.077Z"}
{"level":"info","message":"Connected to DB","timestamp":"2022-05-27T06:51:21.475Z"}
{"level":"info","message":"Connected to DB","timestamp":"2022-05-27T06:52:29.014Z"}
{"level":"info","message":"{\"msg\":\"User has scanned QR\"}","timestamp":"2022-05-27T06:52:30.070Z"}
{"level":"info","message":"{\"msg\":\"User has scanned QR\"}","timestamp":"2022-05-27T07:00:31.005Z"}
{"level":"info","message":"{\"msg\":\"Attempt to login. Valid Credentials\",\"requestBy\":\"sid\"}","timestamp":"2022-05-27T07:02:12.862Z"}
{"level":"info","message":"{\"msg\":\"Attempt to login(2FA Code). Invalid Code Entered. User Denied Access\"}","timestamp":"2022-05-27T07:02:25.674Z"}
{"level":"info","message":"{\"msg\":\"Attempt to login(2FA Code). Invalid Code Entered. User Denied Access\"}","timestamp":"2022-05-27T07:02:33.898Z"}
{"level":"info","message":"Connected to DB","timestamp":"2022-05-27T07:04:40.275Z"}
{"level":"info","message":"Connected to DB","timestamp":"2022-05-27T07:09:03.934Z"}
{"level":"info","message":"{\"msg\":\"User has scanned QR\"}","timestamp":"2022-05-27T07:09:19.939Z"}
{"level":"info","message":"Connected to DB","timestamp":"2022-05-27T07:09:39.006Z"}
{"level":"info","message":"Connected to DB","timestamp":"2022-05-27T07:09:46.242Z"}
{"level":"info","message":"Connected to DB","timestamp":"2022-05-27T07:09:49.566Z"}
{"level":"info","message":"Connected to DB","timestamp":"2022-05-27T07:10:00.150Z"}
{"level":"info","message":"Connected to DB","timestamp":"2022-05-27T07:10:05.568Z"}
{"level":"info","message":"{\"msg\":\"New User has registered for two factor authentication\",\"username\":\"sid\"}","timestamp":"2022-05-27T07:10:24.971Z"}
{"level":"info","message":"Connected to DB","timestamp":"2022-05-27T07:10:53.624Z"}
{"level":"info","message":"{\"msg\":\"User has scanned QR\",\"user\":\"sid\"}","timestamp":"2022-05-27T07:10:59.389Z"}
{"level":"info","message":"Connected to DB","timestamp":"2022-05-27T07:11:42.121Z"}
{"level":"info","message":"{\"msg\":\"User has scanned QR\",\"user\":\"sid\"}","timestamp":"2022-05-27T07:11:46.166Z"}
{"level":"info","message":"{\"msg\":\"New User has registered for two factor authentication\",\"username\":\"sid\"}","timestamp":"2022-05-27T07:12:03.967Z"}
{"code":"ER_ACCESS_DENIED_ERROR","errno":1045,"fatal":true,"level":"error","sqlMessage":"Access denied for user 'root'@'localhost' (using password: YES)","sqlState":"28000","timestamp":"2022-05-27T07:15:20.555Z"}
{"level":"error","message":"{\"code\":\"ER_ACCESS_DENIED_ERROR\",\"errno\":1045,\"sqlMessage\":\"Access denied for user 'root'@'localhost' (using password: YES)\",\"sqlState\":\"28000\",\"fatal\":true}","timestamp":"2022-05-27T07:16:59.899Z"}
{"level":"error","message":"{\"code\":\"ER_ACCESS_DENIED_ERROR\",\"errno\":1045,\"sqlMessage\":\"Access denied for user 'root'@'localhost' (using password: YES)\",\"sqlState\":\"28000\",\"fatal\":true}","timestamp":"2022-05-27T07:17:20.056Z"}
{"level":"error","message":"{\"code\":\"ER_ACCESS_DENIED_ERROR\",\"errno\":1045,\"sqlMessage\":\"Access denied for user 'root'@'localhost' (using password: YES)\",\"sqlState\":\"28000\",\"fatal\":true}","timestamp":"2022-05-27T07:18:26.781Z"}
{"level":"error","message":"{\"code\":\"ER_ACCESS_DENIED_ERROR\",\"errno\":1045,\"sqlMessage\":\"Access denied for user 'root'@'localhost' (using password: YES)\",\"sqlState\":\"28000\",\"fatal\":true}","timestamp":"2022-05-27T07:18:37.582Z"}
{"level":"error","message":"{\"code\":\"ER_ACCESS_DENIED_ERROR\",\"errno\":1045,\"sqlMessage\":\"Access denied for user 'root'@'localhost' (using password: YES)\",\"sqlState\":\"28000\",\"fatal\":true}","timestamp":"2022-05-27T07:20:01.040Z"}
{"level":"error","message":"{\"code\":\"ER_ACCESS_DENIED_ERROR\",\"errno\":1045,\"sqlMessage\":\"Access denied for user 'root'@'localhost' (using password: YES)\",\"sqlState\":\"28000\",\"fatal\":true}","timestamp":"2022-05-27T07:20:06.477Z"}
{"level":"error","message":"{\"code\":\"ER_ACCESS_DENIED_ERROR\",\"errno\":1045,\"sqlMessage\":\"Access denied for user 'root'@'localhost' (using password: YES)\",\"sqlState\":\"28000\",\"fatal\":true}","timestamp":"2022-05-27T07:20:18.647Z"}
{"level":"error","message":"{\"code\":\"ER_ACCESS_DENIED_ERROR\",\"errno\":1045,\"sqlMessage\":\"Access denied for user 'root'@'localhost' (using password: YES)\",\"sqlState\":\"28000\",\"fatal\":true}","timestamp":"2022-05-27T07:20:33.807Z"}
{"level":"error","message":"{\"code\":\"ER_ACCESS_DENIED_ERROR\",\"errno\":1045,\"sqlMessage\":\"Access denied for user 'root'@'localhost' (using password: YES)\",\"sqlState\":\"28000\",\"fatal\":true}","timestamp":"2022-05-27T07:20:44.461Z"}
{"level":"info","message":"{\"code\":\"ER_ACCESS_DENIED_ERROR\",\"errno\":1045,\"sqlMessage\":\"Access denied for user 'root'@'localhost' (using password: YES)\",\"sqlState\":\"28000\",\"fatal\":true}","timestamp":"2022-05-27T07:22:20.146Z"}
{"level":"info","timestamp":"2022-05-27T07:23:01.040Z"}
{"level":"info","message":"\"ER_ACCESS_DENIED_ERROR: Access denied for user 'root'@'localhost' (using password: YES)\"","timestamp":"2022-05-27T07:23:13.370Z"}
{"level":"info","message":"\"ER_ACCESS_DENIED_ERROR: Access denied for user 'root'@'localhost' (using password: YES)\"","timestamp":"2022-05-27T07:23:20.588Z"}
{"level":"info","message":"\"ER_ACCESS_DENIED_ERROR: Access denied for user 'root'@'localhost' (using password: YES)\"","timestamp":"2022-05-27T07:23:57.109Z"}
{"level":"info","message":"\"ER_ACCESS_DENIED_ERROR: Access denied for user 'root'@'localhost' (using password: YES)\"","timestamp":"2022-05-27T07:23:59.418Z"}
{"level":"info","message":"Connected to DB","timestamp":"2022-05-27T07:23:59.421Z"}
{"level":"error","message":"\"ER_ACCESS_DENIED_ERROR: Access denied for user 'root'@'localhost' (using password: YES)\"","timestamp":"2022-05-27T07:24:44.402Z"}
{"level":"info","message":"Connected to DB","timestamp":"2022-05-27T07:24:44.404Z"}
{"level":"error","message":"\"ER_ACCESS_DENIED_ERROR: Access denied for user 'root'@'localhost' (using password: YES)\"","timestamp":"2022-05-27T07:24:56.309Z"}
{"level":"info","message":"Connected to DB","timestamp":"2022-05-27T07:24:58.905Z"}
{"level":"info","message":"Connected to DB","timestamp":"2022-05-27T07:25:40.513Z"}
{"level":"info","message":"Connected to DB","timestamp":"2022-05-27T07:26:03.226Z"}
{"level":"info","message":"Connected to DB","timestamp":"2022-05-27T07:26:31.207Z"}
{"level":"info","message":"Connected to DB","timestamp":"2022-05-27T07:26:34.349Z"}
{"level":"info","message":"Connected to DB","timestamp":"2022-05-27T07:26:47.309Z"}
{"level":"info","message":"Connected to DB","timestamp":"2022-05-27T07:26:59.283Z"}
{"level":"info","message":"Connected to DB","timestamp":"2022-05-27T07:27:01.293Z"}
{"level":"info","message":"Connected to DB","timestamp":"2022-05-27T07:27:10.194Z"}
{"level":"info","message":"Connected to DB","timestamp":"2022-05-27T07:27:18.744Z"}
{"level":"info","message":"Connected to DB","timestamp":"2022-05-27T07:27:23.704Z"}
{"level":"info","message":"Connected to DB","timestamp":"2022-05-27T07:27:27.932Z"}
{"level":"info","message":"Connected to DB","timestamp":"2022-05-27T07:28:23.544Z"}
{"level":"info","message":"Connected to DB","timestamp":"2022-05-27T07:32:14.124Z"}
{"level":"info","message":"{\"msg\":\"User has scanned QR\",\"user\":\"sid\"}","timestamp":"2022-05-27T07:32:16.140Z"}
{"level":"info","message":"{\"msg\":\"Attempt to login. Valid Credentials\",\"requestBy\":\"sid\"}","timestamp":"2022-05-27T07:32:21.904Z"}
{"level":"info","message":"{\"msg\":\"Attempt to login(2FA Code). Valid Code Entered. User Logged In\",\"requestBy\":\"sid\"}","timestamp":"2022-05-27T07:32:38.496Z"}
{"level":"info","message":"Fetched bank Data","timestamp":"2022-05-27T07:32:39.473Z"}
{"level":"info","message":"Connected to DB","timestamp":"2022-05-27T07:35:47.271Z"}
{"level":"info","message":"Connected to DB","timestamp":"2022-05-27T07:36:22.519Z"}
{"level":"info","message":"Connected to DB","timestamp":"2022-05-27T07:37:43.009Z"}
{"level":"info","message":"Connected to DB","timestamp":"2022-05-27T07:37:51.445Z"}
{"level":"info","message":"{\"msg\":\"Attempt to login. Valid Credentials\",\"requestBy\":\"sid\"}","timestamp":"2022-05-27T07:38:10.724Z"}
{"level":"info","message":"Fetched bank Data","timestamp":"2022-05-27T07:38:18.484Z"}
{"level":"info","message":"{\"msg\":\"User has scanned QR\",\"user\":\"sid\"}","timestamp":"2022-05-27T07:38:26.780Z"}
{"level":"info","message":"Connected to DB","timestamp":"2022-05-27T07:39:04.481Z"}
{"level":"info","message":"{\"msg\":\"Attempt to login. Valid Credentials\",\"requestBy\":\"sid\"}","timestamp":"2022-05-27T07:39:09.141Z"}
{"level":"info","message":"{\"msg\":\"User has scanned QR\",\"user\":\"sid\"}","timestamp":"2022-05-27T07:39:21.338Z"}
{"level":"info","message":"Connected to DB","timestamp":"2022-05-27T07:40:18.508Z"}
{"level":"info","message":"{\"msg\":\"User has scanned QR\",\"user\":\"sid\"}","timestamp":"2022-05-27T07:40:26.927Z"}
{"level":"info","message":"Connected to DB","timestamp":"2022-05-27T07:42:23.196Z"}
{"level":"info","message":"{\"msg\":\"User has scanned QR\",\"user\":\"sid\"}","timestamp":"2022-05-27T07:42:33.315Z"}
{"level":"info","message":"Connected to DB","timestamp":"2022-05-27T07:45:31.224Z"}
{"level":"info","message":"Connected to DB","timestamp":"2022-05-27T07:45:43.270Z"}
{"level":"info","message":"Connected to DB","timestamp":"2022-05-27T07:45:53.368Z"}
{"level":"info","message":"Connected to DB","timestamp":"2022-05-27T07:46:02.891Z"}
{"level":"info","message":"Connected to DB","timestamp":"2022-05-27T07:46:06.656Z"}
{"level":"info","message":"Connected to DB","timestamp":"2022-05-27T07:46:08.978Z"}
{"level":"info","message":"Connected to DB","timestamp":"2022-05-27T07:46:21.664Z"}
{"level":"info","message":"Connected to DB","timestamp":"2022-05-27T07:46:51.189Z"}
{"level":"info","message":"Connected to DB","timestamp":"2022-05-27T07:47:58.982Z"}
{"level":"info","message":"Connected to DB","timestamp":"2022-05-27T07:48:07.423Z"}
{"level":"info","message":"Connected to DB","timestamp":"2022-05-27T07:48:16.609Z"}
{"level":"info","message":"Connected to DB","timestamp":"2022-05-27T07:48:20.531Z"}
{"level":"info","message":"Connected to DB","timestamp":"2022-05-27T07:48:31.563Z"}
{"level":"info","message":"Connected to DB","timestamp":"2022-05-27T07:48:37.071Z"}
{"level":"info","message":"Connected to DB","timestamp":"2022-05-27T07:48:41.296Z"}
{"level":"info","message":"Connected to DB","timestamp":"2022-05-27T07:48:46.275Z"}
{"level":"info","message":"Connected to DB","timestamp":"2022-05-27T07:57:09.925Z"}
{"level":"info","message":"Connected to DB","timestamp":"2022-05-27T07:57:12.666Z"}
{"level":"info","message":"Connected to DB","timestamp":"2022-05-27T07:57:24.126Z"}
{"level":"info","message":"Connected to DB","timestamp":"2022-05-27T07:57:33.775Z"}
{"level":"info","message":"Connected to DB","timestamp":"2022-05-27T07:57:39.056Z"}
{"level":"info","message":"Connected to DB","timestamp":"2022-05-27T07:57:45.373Z"}
{"level":"info","message":"Connected to DB","timestamp":"2022-05-27T07:58:06.491Z"}
{"level":"info","message":"Connected to DB","timestamp":"2022-05-27T07:58:09.425Z"}
{"level":"info","message":"Connected to DB","timestamp":"2022-05-27T07:58:12.964Z"}
{"level":"info","message":"Connected to DB","timestamp":"2022-05-27T07:58:28.516Z"}
{"level":"info","message":"Connected to DB","timestamp":"2022-05-27T07:58:45.227Z"}
{"level":"info","message":"Connected to DB","timestamp":"2022-05-27T07:58:49.145Z"}
{"level":"info","message":"Connected to DB","timestamp":"2022-05-27T07:59:05.243Z"}
{"level":"info","message":"Connected to DB","timestamp":"2022-05-27T07:59:09.411Z"}
{"level":"info","message":"Connected to DB","timestamp":"2022-05-27T09:33:52.394Z"}
{"level":"info","message":"Connected to DB","timestamp":"2022-05-27T09:34:08.345Z"}
{"level":"info","message":"Connected to DB","timestamp":"2022-05-27T09:34:16.837Z"}
{"level":"info","message":"Connected to DB","timestamp":"2022-05-27T09:34:22.284Z"}
{"level":"info","message":"Connected to DB","timestamp":"2022-05-27T09:34:28.180Z"}
{"level":"info","message":"Connected to DB","timestamp":"2022-05-27T09:34:37.931Z"}
{"level":"info","message":"Connected to DB","timestamp":"2022-05-27T09:34:47.271Z"}
{"level":"info","message":"Connected to DB","timestamp":"2022-05-27T09:34:54.924Z"}
{"level":"info","message":"Connected to DB","timestamp":"2022-05-27T09:35:11.868Z"}
{"level":"info","message":"Connected to DB","timestamp":"2022-05-27T09:35:17.436Z"}
{"level":"info","message":"Connected to DB","timestamp":"2022-05-27T09:36:20.608Z"}
{"level":"info","message":"Connected to DB","timestamp":"2022-05-27T09:37:13.959Z"}
{"level":"info","message":"Connected to DB","timestamp":"2022-05-27T09:37:52.367Z"}
{"level":"info","message":"Connected to DB","timestamp":"2022-05-27T09:38:11.751Z"}
{"level":"info","message":"Connected to DB","timestamp":"2022-05-27T09:38:20.105Z"}
{"level":"info","message":"Connected to DB","timestamp":"2022-05-27T09:38:27.743Z"}
{"level":"info","message":"Connected to DB","timestamp":"2022-05-27T09:46:50.001Z"}
{"level":"info","message":"Connected to DB","timestamp":"2022-05-27T10:00:03.228Z"}
{"level":"info","message":"{\"msg\":\"Attempt to login. Valid Credentials\",\"requestBy\":\"sidd.r2003@gmail.com\",\"ip\":\"::1\"}","timestamp":"2022-05-27T10:00:19.762Z"}
{"level":"info","message":"Connected to DB","timestamp":"2022-05-27T10:00:56.038Z"}
{"level":"info","message":"Connected to DB","timestamp":"2022-05-27T10:00:59.726Z"}
{"level":"info","message":"{\"msg\":\"Attempt to login(2FA Code). Valid Code Entered. User Logged In\",\"requestBy\":\"sidd.r2003@gmail.com\",\"ip\":\"::1\"}","timestamp":"2022-05-27T10:01:20.517Z"}
{"level":"info","message":{"ip":"::1","msg":"Request for aes256 Encryption","requestBy":"{\"email\":\"sidd.r2003@gmail.com\",\"name\":\"sid\"}"},"timestamp":"2022-05-27T10:01:22.081Z"}
{"level":"info","message":"Connected to DB","timestamp":"2022-05-27T10:02:59.408Z"}
{"level":"info","message":"Connected to DB","timestamp":"2022-05-27T10:03:04.858Z"}
{"level":"info","message":"{\"msg\":\"Request for aes256 Encryption\",\"ip\":\"::1\"}","timestamp":"2022-05-27T10:03:38.344Z"}
{"level":"info","message":"{\"msg\":\"Invalid email and Password entered\",\"ip\":\"::1\"}","timestamp":"2022-05-27T10:11:28.850Z"}
{"level":"info","message":"Connected to DB","timestamp":"2022-05-27T10:11:50.534Z"}
{"level":"info","message":"{\"msg\":\"Invalid email and Password entered\",\"ip\":\"::1\"}","timestamp":"2022-05-27T10:11:51.057Z"}
{"level":"info","message":"{\"msg\":\"User has scanned QR\",\"ip\":\"::1\"}","timestamp":"2022-05-27T10:12:34.048Z"}
{"level":"info","message":"{\"msg\":\"New User has registered for two factor authentication\",\"email\":\"sidd.r2003@gmail.com\",\"ip\":\"::1\"}","timestamp":"2022-05-27T10:12:57.814Z"}
{"level":"info","message":"Connected to DB","timestamp":"2022-05-27T10:14:33.682Z"}
{"level":"info","message":"{\"msg\":\"User has scanned QR\",\"ip\":\"::1\"}","timestamp":"2022-05-27T10:14:42.002Z"}
{"level":"info","message":"{\"msg\":\"New User has registered for two factor authentication\",\"email\":\"sidd.r2003@gmail.com\",\"ip\":\"::1\"}","timestamp":"2022-05-27T10:15:07.662Z"}
{"level":"info","message":"Connected to DB","timestamp":"2022-05-27T10:16:56.589Z"}
{"level":"info","message":"Connected to DB","timestamp":"2022-05-27T10:17:58.056Z"}
{"level":"info","message":"Connected to DB","timestamp":"2022-05-27T10:18:07.261Z"}
{"level":"info","message":"Connected to DB","timestamp":"2022-05-27T10:18:16.407Z"}
{"level":"info","message":"{\"msg\":\"Attempt to login. Valid Credentials\",\"requestBy\":\"sidd.r2003@gmail.com\",\"ip\":\"::1\"}","timestamp":"2022-05-27T10:20:28.590Z"}
{"level":"info","message":"{\"msg\":\"Attempt to login(2FA Code). Valid Code Entered. User Logged In\",\"requestBy\":\"sidd.r2003@gmail.com\",\"ip\":\"::1\"}","timestamp":"2022-05-27T10:20:40.313Z"}
{"level":"info","message":"{\"msg\":\"Request for aes256 Encryption\",\"requestBy\":\"{\\\"email\\\":\\\"sidd.r2003@gmail.com\\\",\\\"name\\\":\\\"sid\\\"}\",\"ip\":\"::1\"}","timestamp":"2022-05-27T10:20:41.995Z"}
{"level":"info","message":"{\"msg\":\"Request for aes256 Encryption\",\"requestBy\":\"{\\\"email\\\":\\\"sidd.r2003@gmail.com\\\",\\\"name\\\":\\\"sid\\\"}\",\"ip\":\"::1\"}","timestamp":"2022-05-27T10:20:47.828Z"}
{"level":"info","message":"{\"msg\":\"Request for aes256 Encryption\",\"requestBy\":\"{\\\"email\\\":\\\"sidd.r2003@gmail.com\\\",\\\"name\\\":\\\"sid\\\"}\",\"ip\":\"::1\"}","timestamp":"2022-05-27T10:21:24.334Z"}
{"level":"info","message":"Connected to DB","timestamp":"2022-05-27T10:27:47.937Z"}
{"level":"info","message":"{\"msg\":\"User has logged out of the system\",\"user\":\"{}\",\"ip\":\"::1\"}","timestamp":"2022-05-27T10:27:50.882Z"}
{"level":"info","message":"Connected to DB","timestamp":"2022-05-27T10:28:30.819Z"}
{"level":"info","message":"{\"msg\":\"User has logged out of the system\",\"user\":\"{}\",\"ip\":\"::1\"}","timestamp":"2022-05-27T10:28:33.987Z"}
{"level":"info","message":"{\"msg\":\"Attempt to login. Valid Credentials\",\"requestBy\":\"sidd.r2003@gmail.com\",\"ip\":\"::1\"}","timestamp":"2022-05-27T10:28:40.305Z"}
{"level":"info","message":"{\"msg\":\"Attempt to login(2FA Code). Valid Code Entered. User Logged In\",\"requestBy\":\"sidd.r2003@gmail.com\",\"ip\":\"::1\"}","timestamp":"2022-05-27T10:28:49.124Z"}
{"level":"info","message":"{\"msg\":\"Request for aes256 Encryption\",\"requestBy\":\"{\\\"email\\\":\\\"sidd.r2003@gmail.com\\\",\\\"name\\\":\\\"sid\\\"}\",\"ip\":\"::1\"}","timestamp":"2022-05-27T10:28:50.657Z"}
{"level":"info","message":"{\"msg\":\"User has logged out of the system\",\"user\":\"{}\",\"ip\":\"::1\"}","timestamp":"2022-05-27T10:28:50.935Z"}
{"level":"info","message":"{\"msg\":\"Attempt to login. Valid Credentials\",\"requestBy\":\"sidd.r2003@gmail.com\",\"ip\":\"::1\"}","timestamp":"2022-05-27T11:14:05.800Z"}
{"level":"info","message":"{\"msg\":\"Attempt to login(2FA Code). Valid Code Entered. User Logged In\",\"requestBy\":\"sidd.r2003@gmail.com\",\"ip\":\"::1\"}","timestamp":"2022-05-27T11:14:43.936Z"}
{"level":"info","message":"{\"msg\":\"Request for aes256 Encryption\",\"requestBy\":\"{\\\"email\\\":\\\"sidd.r2003@gmail.com\\\",\\\"name\\\":\\\"sid\\\"}\",\"ip\":\"::1\"}","timestamp":"2022-05-27T11:14:45.849Z"}
{"level":"info","message":"{\"msg\":\"Request for aes256 Encryption\",\"requestBy\":\"{\\\"email\\\":\\\"sidd.r2003@gmail.com\\\",\\\"name\\\":\\\"sid\\\"}\",\"ip\":\"::1\"}","timestamp":"2022-05-27T11:15:39.685Z"}
{"level":"info","message":"{\"msg\":\"Request for aes256 Encryption\",\"ip\":\"::1\"}","timestamp":"2022-05-27T11:22:30.874Z"}
{"level":"info","message":"{\"msg\":\"Attempt to login. Valid Credentials\",\"requestBy\":\"sidd.r2003@gmail.com\",\"ip\":\"::1\"}","timestamp":"2022-05-27T11:25:24.567Z"}
{"level":"info","message":"{\"msg\":\"Attempt to login(2FA Code). Valid Code Entered. User Logged In\",\"requestBy\":\"sidd.r2003@gmail.com\",\"ip\":\"::1\"}","timestamp":"2022-05-27T11:25:35.454Z"}
{"level":"info","message":"{\"msg\":\"Request for aes256 Encryption\",\"requestBy\":\"{\\\"email\\\":\\\"sidd.r2003@gmail.com\\\",\\\"name\\\":\\\"sid\\\"}\",\"ip\":\"::1\"}","timestamp":"2022-05-27T11:25:37.030Z"}
{"level":"info","message":"{\"msg\":\"User has logged out of the system\",\"user\":\"{}\",\"ip\":\"::1\"}","timestamp":"2022-05-27T11:25:41.250Z"}
{"level":"info","message":"{\"msg\":\"Attempt to login. Valid Credentials\",\"requestBy\":\"sidd.r2003@gmail.com\",\"ip\":\"::1\"}","timestamp":"2022-05-27T11:25:46.795Z"}
{"level":"info","message":"{\"msg\":\"Attempt to login(2FA Code). Invalid Code Entered. User Denied Access\",\"requestBy\":\"sidd.r2003@gmail.com\",\"ip\":\"::1\"}","timestamp":"2022-05-27T11:25:54.983Z"}
{"level":"info","message":"{\"msg\":\"Attempt to login(2FA Code). Valid Code Entered. User Logged In\",\"requestBy\":\"sidd.r2003@gmail.com\",\"ip\":\"::1\"}","timestamp":"2022-05-27T11:26:02.003Z"}
{"level":"info","message":"{\"msg\":\"Request for aes256 Encryption\",\"requestBy\":\"{\\\"email\\\":\\\"sidd.r2003@gmail.com\\\",\\\"name\\\":\\\"sid\\\"}\",\"ip\":\"::1\"}","timestamp":"2022-05-27T11:26:03.424Z"}
{"level":"info","message":"{\"msg\":\"User has logged out of the system\",\"user\":\"{}\",\"ip\":\"::1\"}","timestamp":"2022-05-27T11:35:10.078Z"}
{"level":"info","message":"{\"msg\":\"User has scanned QR\",\"ip\":\"::1\"}","timestamp":"2022-05-27T11:44:45.864Z"}
{"level":"info","message":"Connected to DB","timestamp":"2022-05-30T05:18:06.253Z"}
{"level":"info","message":"{\"msg\":\"Attempt to login. Valid Credentials\",\"requestBy\":\"sidd.r2003@gmail.com\",\"ip\":\"::1\"}","timestamp":"2022-05-30T05:18:22.664Z"}
{"level":"info","message":"{\"msg\":\"Attempt to login(2FA Code). Valid Code Entered. User Logged In\",\"requestBy\":\"sidd.r2003@gmail.com\",\"ip\":\"::1\"}","timestamp":"2022-05-30T05:18:35.177Z"}
{"level":"info","message":"{\"msg\":\"Request for aes256 Encryption\",\"requestBy\":\"{\\\"email\\\":\\\"sidd.r2003@gmail.com\\\",\\\"name\\\":\\\"sid\\\"}\",\"ip\":\"::1\"}","timestamp":"2022-05-30T05:18:38.147Z"}
{"level":"info","message":"{\"msg\":\"User has logged out of the system\",\"user\":\"{}\",\"ip\":\"::1\"}","timestamp":"2022-05-30T05:19:17.349Z"}
{"level":"info","message":"{\"msg\":\"User has scanned QR\",\"ip\":\"::1\"}","timestamp":"2022-05-30T05:19:30.133Z"}
{"level":"info","message":"{\"msg\":\"Attempt to login. Valid Credentials\",\"requestBy\":\"sidd.r2003@gmail.com\",\"ip\":\"::1\"}","timestamp":"2022-05-30T05:21:29.114Z"}
{"level":"info","message":"{\"msg\":\"Attempt to login(2FA Code). Valid Code Entered. User Logged In\",\"requestBy\":\"sidd.r2003@gmail.com\",\"ip\":\"::1\"}","timestamp":"2022-05-30T05:21:38.519Z"}
{"level":"info","message":"{\"msg\":\"Request for aes256 Encryption\",\"requestBy\":\"{\\\"email\\\":\\\"sidd.r2003@gmail.com\\\",\\\"name\\\":\\\"sid\\\"}\",\"ip\":\"::1\"}","timestamp":"2022-05-30T05:21:41.021Z"}
{"level":"info","message":"Connected to DB","timestamp":"2022-05-30T05:23:29.912Z"}
{"level":"info","message":"Connected to DB","timestamp":"2022-05-30T05:24:02.571Z"}
{"level":"info","message":"{\"msg\":\"Attempt to login. Valid Credentials\",\"requestBy\":\"sidd.r2003@gmail.com\",\"ip\":\"::1\"}","timestamp":"2022-05-30T05:24:44.584Z"}
{"level":"info","message":"{\"msg\":\"Attempt to login(2FA Code). Valid Code Entered. User Logged In\",\"requestBy\":\"sidd.r2003@gmail.com\",\"ip\":\"::1\"}","timestamp":"2022-05-30T05:24:49.407Z"}
{"level":"info","message":"{\"msg\":\"Request for aes256 Encryption\",\"requestBy\":\"{\\\"email\\\":\\\"sidd.r2003@gmail.com\\\",\\\"name\\\":\\\"sid\\\"}\",\"ip\":\"::1\"}","timestamp":"2022-05-30T05:24:52.303Z"}
{"level":"info","message":"Connected to DB","timestamp":"2022-05-30T05:25:20.148Z"}
{"level":"info","message":"{\"msg\":\"User has logged out of the system\",\"ip\":\"::1\"}","timestamp":"2022-05-30T05:25:36.562Z"}
{"level":"info","message":"Connected to DB","timestamp":"2022-05-30T05:26:07.932Z"}
{"level":"info","message":"{\"msg\":\"Attempt to login. Valid Credentials\",\"requestBy\":\"sidd.r2003@gmail.com\",\"ip\":\"::1\"}","timestamp":"2022-05-30T05:26:14.141Z"}
{"level":"info","message":"{\"msg\":\"Attempt to login(2FA Code). Valid Code Entered. User Logged In\",\"requestBy\":\"sidd.r2003@gmail.com\",\"ip\":\"::1\"}","timestamp":"2022-05-30T05:26:18.381Z"}
{"level":"info","message":"{\"msg\":\"Request for aes256 Encryption\",\"requestBy\":\"{\\\"email\\\":\\\"sidd.r2003@gmail.com\\\",\\\"name\\\":\\\"sid\\\"}\",\"ip\":\"::1\"}","timestamp":"2022-05-30T05:26:21.399Z"}
{"level":"info","message":"Connected to DB","timestamp":"2022-05-30T05:26:34.843Z"}
{"level":"info","message":"Connected to DB","timestamp":"2022-05-30T05:27:00.063Z"}
{"level":"info","message":"{\"msg\":\"Request for aes256 Encryption\",\"ip\":\"::1\"}","timestamp":"2022-05-30T05:27:07.284Z"}
{"level":"info","message":"{\"msg\":\"Attempt to login. Valid Credentials\",\"requestBy\":\"sidd.r2003@gmail.com\",\"ip\":\"::1\"}","timestamp":"2022-05-30T05:27:08.949Z"}
{"level":"info","message":"{\"msg\":\"Attempt to login(2FA Code). Valid Code Entered. User Logged In\",\"requestBy\":\"sidd.r2003@gmail.com\",\"ip\":\"::1\"}","timestamp":"2022-05-30T05:27:13.689Z"}
{"level":"info","message":"{\"msg\":\"Request for aes256 Encryption\",\"requestBy\":\"{\\\"email\\\":\\\"sidd.r2003@gmail.com\\\",\\\"name\\\":\\\"sid\\\"}\",\"ip\":\"::1\"}","timestamp":"2022-05-30T05:27:17.932Z"}
{"level":"info","message":"Connected to DB","timestamp":"2022-05-30T05:27:30.723Z"}
{"level":"info","message":"Connected to DB","timestamp":"2022-05-30T05:29:08.015Z"}
{"level":"info","message":"{\"msg\":\"Request to Fetch Bank Data\",\"ip\":\"::1\"}","timestamp":"2022-05-30T05:29:22.542Z"}
{"level":"info","message":"{\"msg\":\"User has scanned QR\",\"ip\":\"::1\"}","timestamp":"2022-05-30T05:38:26.312Z"}
{"level":"info","message":"{\"msg\":\"User has scanned QR\",\"ip\":\"::1\"}","timestamp":"2022-05-30T05:40:14.794Z"}
{"level":"info","message":"{\"msg\":\"Attempt to login. Valid Credentials\",\"requestBy\":\"sidd.r2003@gmail.com\",\"ip\":\"::1\"}","timestamp":"2022-05-30T06:17:13.317Z"}
{"level":"info","message":"{\"msg\":\"User has scanned QR\",\"ip\":\"::1\"}","timestamp":"2022-05-30T06:25:19.298Z"}
{"level":"info","message":"{\"msg\":\"User has scanned QR\",\"ip\":\"::1\"}","timestamp":"2022-05-30T06:26:36.990Z"}
{"level":"info","message":"{\"msg\":\"User has scanned QR\",\"ip\":\"::1\"}","timestamp":"2022-05-30T06:49:06.080Z"}
{"level":"info","message":"{\"msg\":\"User has scanned QR\",\"ip\":\"::1\"}","timestamp":"2022-05-30T06:55:08.571Z"}
{"level":"info","message":"Connected to DB","timestamp":"2022-05-30T09:03:53.422Z"}
{"level":"info","message":"{\"msg\":\"Attempt to login. Invalid Credentials\",\"requestBy\":\"sidd.r2003@gmail.com\",\"ip\":\"::1\"}","timestamp":"2022-05-30T09:04:13.311Z"}
{"level":"info","message":"{\"msg\":\"Attempt to login. Valid Credentials\",\"requestBy\":\"sidd.r2003@gmail.com\",\"ip\":\"::1\"}","timestamp":"2022-05-30T09:04:17.862Z"}
{"level":"info","message":"{\"msg\":\"Attempt to login(2FA Code). Valid Code Entered. User Logged In\",\"requestBy\":\"sidd.r2003@gmail.com\",\"ip\":\"::1\"}","timestamp":"2022-05-30T09:05:42.309Z"}
{"level":"info","message":"{\"msg\":\"Request to Fetch Bank Data\",\"requestBy\":\"{\\\"email\\\":\\\"sidd.r2003@gmail.com\\\",\\\"name\\\":\\\"sid\\\"}\",\"ip\":\"::1\"}","timestamp":"2022-05-30T09:05:43.554Z"}
{"level":"info","message":"{\"msg\":\"User has logged out of the system\",\"ip\":\"::1\"}","timestamp":"2022-05-30T09:21:32.063Z"}
{"level":"info","message":"{\"msg\":\"User has scanned QR\",\"ip\":\"::1\"}","timestamp":"2022-05-30T09:21:36.209Z"}
{"level":"info","message":"{\"msg\":\"New User has registered for two factor authentication\",\"email\":\"sidd.r2003@gmail.com\",\"ip\":\"::1\"}","timestamp":"2022-05-30T09:21:57.753Z"}
{"level":"info","message":"{\"msg\":\"Attempt to login. Valid Credentials\",\"requestBy\":\"sidd.r2003@gmail.com\",\"ip\":\"::1\"}","timestamp":"2022-05-30T09:29:15.033Z"}
{"level":"info","message":"{\"msg\":\"Attempt to login. Valid Credentials\",\"requestBy\":\"sidd.r2003@gmail.com\",\"ip\":\"::1\"}","timestamp":"2022-05-30T09:34:25.065Z"}
{"level":"info","message":"{\"msg\":\"Attempt to login(2FA Code). Invalid Code Entered. User Denied Access\",\"requestBy\":\"sidd.r2003@gmail.com\",\"ip\":\"::1\"}","timestamp":"2022-05-30T09:34:28.133Z"}
{"level":"info","message":"{\"msg\":\"Attempt to login. Valid Credentials\",\"requestBy\":\"sidd.r2003@gmail.com\",\"ip\":\"::1\"}","timestamp":"2022-05-30T09:35:23.685Z"}
{"level":"info","message":"{\"msg\":\"Attempt to login(2FA Code). Valid Code Entered. User Logged In\",\"requestBy\":\"sidd.r2003@gmail.com\",\"ip\":\"::1\"}","timestamp":"2022-05-30T09:35:33.573Z"}
{"level":"info","message":"{\"msg\":\"Request to Fetch Bank Data\",\"requestBy\":\"{\\\"email\\\":\\\"sidd.r2003@gmail.com\\\",\\\"name\\\":\\\"sid\\\"}\",\"ip\":\"::1\"}","timestamp":"2022-05-30T09:35:34.458Z"}
{"level":"info","message":"{\"msg\":\"User has logged out of the system\",\"ip\":\"::1\"}","timestamp":"2022-05-30T09:35:37.731Z"}
{"level":"info","message":"{\"msg\":\"Attempt to login. Valid Credentials\",\"requestBy\":\"sidd.r2003@gmail.com\",\"ip\":\"::1\"}","timestamp":"2022-05-30T09:35:40.511Z"}
{"level":"info","message":"{\"msg\":\"Attempt to login(2FA Code). Valid Code Entered. User Logged In\",\"requestBy\":\"sidd.r2003@gmail.com\",\"ip\":\"::1\"}","timestamp":"2022-05-30T09:36:26.334Z"}
{"level":"info","message":"{\"msg\":\"Request to Fetch Bank Data\",\"requestBy\":\"{\\\"email\\\":\\\"sidd.r2003@gmail.com\\\",\\\"name\\\":\\\"sid\\\"}\",\"ip\":\"::1\"}","timestamp":"2022-05-30T09:36:27.857Z"}
{"level":"info","message":"{\"msg\":\"User has logged out of the system\",\"ip\":\"::1\"}","timestamp":"2022-05-30T09:50:42.814Z"}
{"level":"info","message":"{\"msg\":\"Attempt to login. Valid Credentials\",\"requestBy\":\"sidd.r2003@gmail.com\",\"ip\":\"::1\"}","timestamp":"2022-05-30T09:51:11.921Z"}
{"level":"info","message":"{\"msg\":\"Attempt to login(2FA Code). Valid Code Entered. User Logged In\",\"requestBy\":\"sidd.r2003@gmail.com\",\"ip\":\"::1\"}","timestamp":"2022-05-30T09:51:19.131Z"}
{"level":"info","message":"{\"msg\":\"Request to Fetch Bank Data\",\"requestBy\":\"{\\\"email\\\":\\\"sidd.r2003@gmail.com\\\",\\\"name\\\":\\\"sid\\\"}\",\"ip\":\"::1\"}","timestamp":"2022-05-30T09:51:21.845Z"}
{"level":"info","message":"{\"msg\":\"User has logged out of the system\",\"ip\":\"::1\"}","timestamp":"2022-05-30T10:33:15.108Z"}
{"level":"info","message":"{\"msg\":\"User has scanned QR\",\"ip\":\"::1\"}","timestamp":"2022-05-30T10:41:56.613Z"}
{"level":"info","message":"{\"msg\":\"New User has registered for two factor authentication\",\"email\":\"nith@gmail.com\",\"ip\":\"::1\"}","timestamp":"2022-05-30T10:42:14.877Z"}
{"level":"info","message":"{\"msg\":\"Attempt to login. Valid Credentials\",\"requestBy\":\"sidd.r2003@gmail.com\",\"ip\":\"::1\"}","timestamp":"2022-05-30T11:18:47.029Z"}
{"level":"info","message":"{\"msg\":\"Attempt to login(2FA Code). Valid Code Entered. User Logged In\",\"requestBy\":\"sidd.r2003@gmail.com\",\"ip\":\"::1\"}","timestamp":"2022-05-30T11:19:08.911Z"}
{"level":"info","message":"{\"msg\":\"Request to Fetch Bank Data\",\"requestBy\":\"{\\\"email\\\":\\\"sidd.r2003@gmail.com\\\",\\\"name\\\":\\\"sid\\\"}\",\"ip\":\"::1\"}","timestamp":"2022-05-30T11:19:10.287Z"}
